<testsuites id="" name="" tests="1" failures="0" skipped="0" errors="0" time="32.058977999999996">
<testsuite name="test-doodle2.spec.js" timestamp="2024-01-18T16:01:28.276Z" hostname="chromium" tests="1" failures="0" skipped="0" time="7.767" errors="0">
<testcase name="Links Provided under the Products List" classname="test-doodle2.spec.js" time="7.767">
<system-out>
<![CDATA[Title>> Online Compiler and Editor/IDE for Java, C, C++, PHP, Python, Ruby, Perl - Code and Run Online
URL>> https://www.jdoodle.com/code-online-compiler-ide
Title>> Online Compiler and Editor/IDE for Java, C, C++, PHP, Python, Ruby, Perl - Code and Run Online
URL>> https://www.jdoodle.com/intergrate-online-ide-compiler-api-plugins
Title>> Online Compiler and Editor/IDE for Java, C, C++, PHP, Python, Ruby, Perl - Code and Run Online
URL>> https://www.jdoodle.com/online-assessment-teaching
[33m4[39m

[[ATTACHMENT|test-results\test-doodle2-Links-Provided-under-the-Products-List-chromium\test-finished-1.png]]

[[ATTACHMENT|test-results\test-doodle2-Links-Provided-under-the-Products-List-chromium\test-finished-5.png]]

[[ATTACHMENT|test-results\test-doodle2-Links-Provided-under-the-Products-List-chromium\test-finished-2.png]]

[[ATTACHMENT|test-results\test-doodle2-Links-Provided-under-the-Products-List-chromium\test-finished-3.png]]

[[ATTACHMENT|test-results\test-doodle2-Links-Provided-under-the-Products-List-chromium\test-finished-4.png]]
]]>
</system-out>
</testcase>
</testsuite>
</testsuites>